This file contains any messages produced by compilers while
running configure, to aid debugging if configure makes a mistake.

It was created by tsclient configure 3.4.1, which was
generated by GNU Autoconf 2.71.  Invocation command line was

  $ ./configure --enable-maintainer-mode --no-create --no-recursion

## --------- ##
## Platform. ##
## --------- ##

hostname = kermit
uname -m = x86_64
uname -r = 6.8.0-64-generic
uname -s = Linux
uname -v = #67-Ubuntu SMP PREEMPT_DYNAMIC Sun Jun 15 20:23:31 UTC 2025

/usr/bin/uname -p = x86_64
/bin/uname -X     = unknown

/bin/arch              = x86_64
/usr/bin/arch -k       = unknown
/usr/convex/getsysinfo = unknown
/usr/bin/hostinfo      = unknown
/bin/machine           = unknown
/usr/bin/oslevel       = unknown
/bin/universe          = unknown

PATH: /home/erick/bin/
PATH: /home/erick/.local/bin/
PATH: /usr/local/sbin/
PATH: /usr/local/bin/
PATH: /usr/sbin/
PATH: /usr/bin/
PATH: /sbin/
PATH: /bin/
PATH: /usr/games/
PATH: /usr/local/games/
PATH: /snap/bin/
PATH: /home/erick/.dotnet/tools/
PATH: /home/erick/dotnet/
PATH: /home/erick/Android/Sdk/emulator/
PATH: /home/erick/Android/Sdk/platform-tools/
PATH: /home/erick/Android/Sdk/cmdline-tools/latest/bin/


## ----------- ##
## Core tests. ##
## ----------- ##

configure:2365: looking for aux files: compile missing install-sh
configure:2378:  trying ./
configure:2407:   ./compile found
configure:2407:   ./missing found
configure:2389:   ./install-sh found
configure:2537: checking for a BSD-compatible install
configure:2610: result: /usr/bin/install -c
configure:2621: checking whether build environment is sane
configure:2676: result: yes
configure:2835: checking for a race-free mkdir -p
configure:2879: result: /usr/bin/mkdir -p
configure:2886: checking for gawk
configure:2907: found /usr/bin/gawk
configure:2918: result: gawk
configure:2929: checking whether make sets $(MAKE)
configure:2952: result: yes
configure:2982: checking whether make supports nested variables
configure:3000: result: yes
configure:3137: checking whether to enable maintainer-specific portions of Makefiles
configure:3147: result: yes
configure:3164: checking whether NLS is requested
configure:3174: result: yes
configure:3192: checking for intltool >= 0.35.0
configure:3194: result: 0.51.0 found
configure:3202: checking for intltool-update
configure:3225: found /usr/bin/intltool-update
configure:3237: result: /usr/bin/intltool-update
configure:3247: checking for intltool-merge
configure:3270: found /usr/bin/intltool-merge
configure:3282: result: /usr/bin/intltool-merge
configure:3292: checking for intltool-extract
configure:3315: found /usr/bin/intltool-extract
configure:3327: result: /usr/bin/intltool-extract
configure:3481: checking for xgettext
configure:3504: found /usr/bin/xgettext
configure:3516: result: /usr/bin/xgettext
configure:3526: checking for msgmerge
configure:3549: found /usr/bin/msgmerge
configure:3561: result: /usr/bin/msgmerge
configure:3571: checking for msgfmt
configure:3594: found /usr/bin/msgfmt
configure:3606: result: /usr/bin/msgfmt
configure:3616: checking for gmsgfmt
configure:3652: result: /usr/bin/msgfmt
configure:3672: checking for perl
configure:3695: found /usr/bin/perl
configure:3707: result: /usr/bin/perl
configure:3718: checking for perl >= 5.8.1
configure:3725: result: 5.38.2
configure:3729: checking for XML::Parser
configure:3732: result: ok
configure:3759: checking whether make supports the include directive
configure:3774: make -f confmf.GNU && cat confinc.out
make[1]: Entering directory '/home/erick/Projects/tsclient'
make[1]: Leaving directory '/home/erick/Projects/tsclient'
this is the am__doit target
configure:3777: $? = 0
configure:3796: result: yes (GNU style)
configure:3872: checking for gcc
configure:3893: found /usr/bin/gcc
configure:3904: result: gcc
configure:4257: checking for C compiler version
configure:4266: gcc --version >&5
gcc (Ubuntu 13.3.0-6ubuntu2~24.04) 13.3.0
Copyright (C) 2023 Free Software Foundation, Inc.
This is free software; see the source for copying conditions.  There is NO
warranty; not even for MERCHANTABILITY or FITNESS FOR A PARTICULAR PURPOSE.

configure:4277: $? = 0
configure:4266: gcc -v >&5
Using built-in specs.
COLLECT_GCC=gcc
COLLECT_LTO_WRAPPER=/usr/libexec/gcc/x86_64-linux-gnu/13/lto-wrapper
OFFLOAD_TARGET_NAMES=nvptx-none:amdgcn-amdhsa
OFFLOAD_TARGET_DEFAULT=1
Target: x86_64-linux-gnu
Configured with: ../src/configure -v --with-pkgversion='Ubuntu 13.3.0-6ubuntu2~24.04' --with-bugurl=file:///usr/share/doc/gcc-13/README.Bugs --enable-languages=c,ada,c++,go,d,fortran,objc,obj-c++,m2 --prefix=/usr --with-gcc-major-version-only --program-suffix=-13 --program-prefix=x86_64-linux-gnu- --enable-shared --enable-linker-build-id --libexecdir=/usr/libexec --without-included-gettext --enable-threads=posix --libdir=/usr/lib --enable-nls --enable-bootstrap --enable-clocale=gnu --enable-libstdcxx-debug --enable-libstdcxx-time=yes --with-default-libstdcxx-abi=new --enable-libstdcxx-backtrace --enable-gnu-unique-object --disable-vtable-verify --enable-plugin --enable-default-pie --with-system-zlib --enable-libphobos-checking=release --with-target-system-zlib=auto --enable-objc-gc=auto --enable-multiarch --disable-werror --enable-cet --with-arch-32=i686 --with-abi=m64 --with-multilib-list=m32,m64,mx32 --enable-multilib --with-tune=generic --enable-offload-targets=nvptx-none=/build/gcc-13-fG75Ri/gcc-13-13.3.0/debian/tmp-nvptx/usr,amdgcn-amdhsa=/build/gcc-13-fG75Ri/gcc-13-13.3.0/debian/tmp-gcn/usr --enable-offload-defaulted --without-cuda-driver --enable-checking=release --build=x86_64-linux-gnu --host=x86_64-linux-gnu --target=x86_64-linux-gnu --with-build-config=bootstrap-lto-lean --enable-link-serialization=2
Thread model: posix
Supported LTO compression algorithms: zlib zstd
gcc version 13.3.0 (Ubuntu 13.3.0-6ubuntu2~24.04) 
... rest of stderr output deleted ...
configure:4277: $? = 0
configure:4266: gcc -V >&5
gcc: error: unrecognized command-line option '-V'
gcc: fatal error: no input files
compilation terminated.
configure:4277: $? = 1
configure:4266: gcc -qversion >&5
gcc: error: unrecognized command-line option '-qversion'; did you mean '--version'?
gcc: fatal error: no input files
compilation terminated.
configure:4277: $? = 1
configure:4266: gcc -version >&5
gcc: error: unrecognized command-line option '-version'
gcc: fatal error: no input files
compilation terminated.
configure:4277: $? = 1
configure:4297: checking whether the C compiler works
configure:4319: gcc    conftest.c  >&5
configure:4323: $? = 0
configure:4373: result: yes
configure:4376: checking for C compiler default output file name
configure:4378: result: a.out
configure:4384: checking for suffix of executables
configure:4391: gcc -o conftest    conftest.c  >&5
configure:4395: $? = 0
configure:4418: result: 
configure:4440: checking whether we are cross compiling
configure:4448: gcc -o conftest    conftest.c  >&5
configure:4452: $? = 0
configure:4459: ./conftest
configure:4463: $? = 0
configure:4478: result: no
configure:4483: checking for suffix of object files
configure:4506: gcc -c   conftest.c >&5
configure:4510: $? = 0
configure:4532: result: o
configure:4536: checking whether the compiler supports GNU C
configure:4556: gcc -c   conftest.c >&5
configure:4556: $? = 0
configure:4566: result: yes
configure:4577: checking whether gcc accepts -g
configure:4598: gcc -c -g  conftest.c >&5
configure:4598: $? = 0
configure:4642: result: yes
configure:4662: checking for gcc option to enable C11 features
configure:4677: gcc  -c -g -O2  conftest.c >&5
configure:4677: $? = 0
configure:4695: result: none needed
configure:4811: checking whether gcc understands -c and -o together
configure:4834: gcc -c conftest.c -o conftest2.o
configure:4837: $? = 0
configure:4834: gcc -c conftest.c -o conftest2.o
configure:4837: $? = 0
configure:4849: result: yes
configure:4868: checking dependency style of gcc
configure:4980: result: gcc3
configure:4996: checking for library containing strerror
configure:5026: gcc -o conftest -g -O2   conftest.c  >&5
configure:5026: $? = 0
configure:5046: result: none required
configure:5108: checking for gcc
configure:5140: result: gcc
configure:5493: checking for C compiler version
configure:5502: gcc --version >&5
gcc (Ubuntu 13.3.0-6ubuntu2~24.04) 13.3.0
Copyright (C) 2023 Free Software Foundation, Inc.
This is free software; see the source for copying conditions.  There is NO
warranty; not even for MERCHANTABILITY or FITNESS FOR A PARTICULAR PURPOSE.

configure:5513: $? = 0
configure:5502: gcc -v >&5
Using built-in specs.
COLLECT_GCC=gcc
COLLECT_LTO_WRAPPER=/usr/libexec/gcc/x86_64-linux-gnu/13/lto-wrapper
OFFLOAD_TARGET_NAMES=nvptx-none:amdgcn-amdhsa
OFFLOAD_TARGET_DEFAULT=1
Target: x86_64-linux-gnu
Configured with: ../src/configure -v --with-pkgversion='Ubuntu 13.3.0-6ubuntu2~24.04' --with-bugurl=file:///usr/share/doc/gcc-13/README.Bugs --enable-languages=c,ada,c++,go,d,fortran,objc,obj-c++,m2 --prefix=/usr --with-gcc-major-version-only --program-suffix=-13 --program-prefix=x86_64-linux-gnu- --enable-shared --enable-linker-build-id --libexecdir=/usr/libexec --without-included-gettext --enable-threads=posix --libdir=/usr/lib --enable-nls --enable-bootstrap --enable-clocale=gnu --enable-libstdcxx-debug --enable-libstdcxx-time=yes --with-default-libstdcxx-abi=new --enable-libstdcxx-backtrace --enable-gnu-unique-object --disable-vtable-verify --enable-plugin --enable-default-pie --with-system-zlib --enable-libphobos-checking=release --with-target-system-zlib=auto --enable-objc-gc=auto --enable-multiarch --disable-werror --enable-cet --with-arch-32=i686 --with-abi=m64 --with-multilib-list=m32,m64,mx32 --enable-multilib --with-tune=generic --enable-offload-targets=nvptx-none=/build/gcc-13-fG75Ri/gcc-13-13.3.0/debian/tmp-nvptx/usr,amdgcn-amdhsa=/build/gcc-13-fG75Ri/gcc-13-13.3.0/debian/tmp-gcn/usr --enable-offload-defaulted --without-cuda-driver --enable-checking=release --build=x86_64-linux-gnu --host=x86_64-linux-gnu --target=x86_64-linux-gnu --with-build-config=bootstrap-lto-lean --enable-link-serialization=2
Thread model: posix
Supported LTO compression algorithms: zlib zstd
gcc version 13.3.0 (Ubuntu 13.3.0-6ubuntu2~24.04) 
... rest of stderr output deleted ...
configure:5513: $? = 0
configure:5502: gcc -V >&5
gcc: error: unrecognized command-line option '-V'
gcc: fatal error: no input files
compilation terminated.
configure:5513: $? = 1
configure:5502: gcc -qversion >&5
gcc: error: unrecognized command-line option '-qversion'; did you mean '--version'?
gcc: fatal error: no input files
compilation terminated.
configure:5513: $? = 1
configure:5502: gcc -version >&5
gcc: error: unrecognized command-line option '-version'
gcc: fatal error: no input files
compilation terminated.
configure:5513: $? = 1
configure:5517: checking whether the compiler supports GNU C
configure:5547: result: yes
configure:5558: checking whether gcc accepts -g
configure:5623: result: yes
configure:5643: checking for gcc option to enable C11 features
configure:5676: result: none needed
configure:5792: checking whether gcc understands -c and -o together
configure:5830: result: yes
configure:5849: checking dependency style of gcc
configure:5961: result: gcc3
configure:6029: checking for gcc
configure:6061: result: gcc
configure:6414: checking for C compiler version
configure:6423: gcc --version >&5
gcc (Ubuntu 13.3.0-6ubuntu2~24.04) 13.3.0
Copyright (C) 2023 Free Software Foundation, Inc.
This is free software; see the source for copying conditions.  There is NO
warranty; not even for MERCHANTABILITY or FITNESS FOR A PARTICULAR PURPOSE.

configure:6434: $? = 0
configure:6423: gcc -v >&5
Using built-in specs.
COLLECT_GCC=gcc
COLLECT_LTO_WRAPPER=/usr/libexec/gcc/x86_64-linux-gnu/13/lto-wrapper
OFFLOAD_TARGET_NAMES=nvptx-none:amdgcn-amdhsa
OFFLOAD_TARGET_DEFAULT=1
Target: x86_64-linux-gnu
Configured with: ../src/configure -v --with-pkgversion='Ubuntu 13.3.0-6ubuntu2~24.04' --with-bugurl=file:///usr/share/doc/gcc-13/README.Bugs --enable-languages=c,ada,c++,go,d,fortran,objc,obj-c++,m2 --prefix=/usr --with-gcc-major-version-only --program-suffix=-13 --program-prefix=x86_64-linux-gnu- --enable-shared --enable-linker-build-id --libexecdir=/usr/libexec --without-included-gettext --enable-threads=posix --libdir=/usr/lib --enable-nls --enable-bootstrap --enable-clocale=gnu --enable-libstdcxx-debug --enable-libstdcxx-time=yes --with-default-libstdcxx-abi=new --enable-libstdcxx-backtrace --enable-gnu-unique-object --disable-vtable-verify --enable-plugin --enable-default-pie --with-system-zlib --enable-libphobos-checking=release --with-target-system-zlib=auto --enable-objc-gc=auto --enable-multiarch --disable-werror --enable-cet --with-arch-32=i686 --with-abi=m64 --with-multilib-list=m32,m64,mx32 --enable-multilib --with-tune=generic --enable-offload-targets=nvptx-none=/build/gcc-13-fG75Ri/gcc-13-13.3.0/debian/tmp-nvptx/usr,amdgcn-amdhsa=/build/gcc-13-fG75Ri/gcc-13-13.3.0/debian/tmp-gcn/usr --enable-offload-defaulted --without-cuda-driver --enable-checking=release --build=x86_64-linux-gnu --host=x86_64-linux-gnu --target=x86_64-linux-gnu --with-build-config=bootstrap-lto-lean --enable-link-serialization=2
Thread model: posix
Supported LTO compression algorithms: zlib zstd
gcc version 13.3.0 (Ubuntu 13.3.0-6ubuntu2~24.04) 
... rest of stderr output deleted ...
configure:6434: $? = 0
configure:6423: gcc -V >&5
gcc: error: unrecognized command-line option '-V'
gcc: fatal error: no input files
compilation terminated.
configure:6434: $? = 1
configure:6423: gcc -qversion >&5
gcc: error: unrecognized command-line option '-qversion'; did you mean '--version'?
gcc: fatal error: no input files
compilation terminated.
configure:6434: $? = 1
configure:6423: gcc -version >&5
gcc: error: unrecognized command-line option '-version'
gcc: fatal error: no input files
compilation terminated.
configure:6434: $? = 1
configure:6438: checking whether the compiler supports GNU C
configure:6468: result: yes
configure:6479: checking whether gcc accepts -g
configure:6544: result: yes
configure:6564: checking for gcc option to enable C11 features
configure:6597: result: none needed
configure:6713: checking whether gcc understands -c and -o together
configure:6751: result: yes
configure:6770: checking dependency style of gcc
configure:6882: result: gcc3
configure:6903: checking for stdio.h
configure:6903: gcc -c -g -O2  conftest.c >&5
configure:6903: $? = 0
configure:6903: result: yes
configure:6903: checking for stdlib.h
configure:6903: gcc -c -g -O2  conftest.c >&5
configure:6903: $? = 0
configure:6903: result: yes
configure:6903: checking for string.h
configure:6903: gcc -c -g -O2  conftest.c >&5
configure:6903: $? = 0
configure:6903: result: yes
configure:6903: checking for inttypes.h
configure:6903: gcc -c -g -O2  conftest.c >&5
configure:6903: $? = 0
configure:6903: result: yes
configure:6903: checking for stdint.h
configure:6903: gcc -c -g -O2  conftest.c >&5
configure:6903: $? = 0
configure:6903: result: yes
configure:6903: checking for strings.h
configure:6903: gcc -c -g -O2  conftest.c >&5
configure:6903: $? = 0
configure:6903: result: yes
configure:6903: checking for sys/stat.h
configure:6903: gcc -c -g -O2  conftest.c >&5
configure:6903: $? = 0
configure:6903: result: yes
configure:6903: checking for sys/types.h
configure:6903: gcc -c -g -O2  conftest.c >&5
configure:6903: $? = 0
configure:6903: result: yes
configure:6903: checking for unistd.h
configure:6903: gcc -c -g -O2  conftest.c >&5
configure:6903: $? = 0
configure:6903: result: yes
configure:6928: checking for grep that handles long lines and -e
configure:6992: result: /usr/bin/grep
configure:7000: checking for egrep
configure:7068: result: /usr/bin/grep -E
configure:7086: checking for locale.h
configure:7086: gcc -c -g -O2  conftest.c >&5
configure:7086: $? = 0
configure:7086: result: yes
configure:7094: checking for LC_MESSAGES
configure:7111: gcc -o conftest -g -O2   conftest.c  >&5
configure:7111: $? = 0
configure:7120: result: yes
configure:7138: checking for CFPreferencesCopyAppValue
configure:7157: gcc -o conftest -g -O2   conftest.c  -Wl,-framework -Wl,CoreFoundation >&5
conftest.c:24:10: fatal error: CoreFoundation/CFPreferences.h: No such file or directory
   24 | #include <CoreFoundation/CFPreferences.h>
      |          ^~~~~~~~~~~~~~~~~~~~~~~~~~~~~~~~
compilation terminated.
configure:7157: $? = 1
configure: failed program was:
| /* confdefs.h */
| #define PACKAGE_NAME "tsclient"
| #define PACKAGE_TARNAME "tsclient"
| #define PACKAGE_VERSION "3.4.1"
| #define PACKAGE_STRING "tsclient 3.4.1"
| #define PACKAGE_BUGREPORT "http://www.gnomepro.com/tsclient"
| #define PACKAGE_URL ""
| #define PACKAGE "tsclient"
| #define VERSION "3.4.1"
| #define HAVE_STDIO_H 1
| #define HAVE_STDLIB_H 1
| #define HAVE_STRING_H 1
| #define HAVE_INTTYPES_H 1
| #define HAVE_STDINT_H 1
| #define HAVE_STRINGS_H 1
| #define HAVE_SYS_STAT_H 1
| #define HAVE_SYS_TYPES_H 1
| #define HAVE_UNISTD_H 1
| #define STDC_HEADERS 1
| #define GETTEXT_PACKAGE "tsclient"
| #define HAVE_LOCALE_H 1
| #define HAVE_LC_MESSAGES 1
| /* end confdefs.h.  */
| #include <CoreFoundation/CFPreferences.h>
| int
| main (void)
| {
| CFPreferencesCopyAppValue(NULL, NULL)
|   ;
|   return 0;
| }
configure:7167: result: no
configure:7174: checking for CFLocaleCopyCurrent
configure:7193: gcc -o conftest -g -O2   conftest.c  -Wl,-framework -Wl,CoreFoundation >&5
conftest.c:24:10: fatal error: CoreFoundation/CFLocale.h: No such file or directory
   24 | #include <CoreFoundation/CFLocale.h>
      |          ^~~~~~~~~~~~~~~~~~~~~~~~~~~
compilation terminated.
configure:7193: $? = 1
configure: failed program was:
| /* confdefs.h */
| #define PACKAGE_NAME "tsclient"
| #define PACKAGE_TARNAME "tsclient"
| #define PACKAGE_VERSION "3.4.1"
| #define PACKAGE_STRING "tsclient 3.4.1"
| #define PACKAGE_BUGREPORT "http://www.gnomepro.com/tsclient"
| #define PACKAGE_URL ""
| #define PACKAGE "tsclient"
| #define VERSION "3.4.1"
| #define HAVE_STDIO_H 1
| #define HAVE_STDLIB_H 1
| #define HAVE_STRING_H 1
| #define HAVE_INTTYPES_H 1
| #define HAVE_STDINT_H 1
| #define HAVE_STRINGS_H 1
| #define HAVE_SYS_STAT_H 1
| #define HAVE_SYS_TYPES_H 1
| #define HAVE_UNISTD_H 1
| #define STDC_HEADERS 1
| #define GETTEXT_PACKAGE "tsclient"
| #define HAVE_LOCALE_H 1
| #define HAVE_LC_MESSAGES 1
| /* end confdefs.h.  */
| #include <CoreFoundation/CFLocale.h>
| int
| main (void)
| {
| CFLocaleCopyCurrent();
|   ;
|   return 0;
| }
configure:7203: result: no
configure:7217: checking for libintl.h
configure:7217: gcc -c -g -O2  conftest.c >&5
configure:7217: $? = 0
configure:7217: result: yes
configure:7226: checking for ngettext in libc
configure:7245: gcc -o conftest -g -O2   conftest.c  >&5
configure:7245: $? = 0
configure:7255: result: yes
configure:7259: checking for dgettext in libc
configure:7278: gcc -o conftest -g -O2   conftest.c  >&5
configure:7278: $? = 0
configure:7288: result: yes
configure:7293: checking for bind_textdomain_codeset
configure:7293: gcc -o conftest -g -O2   conftest.c  >&5
configure:7293: $? = 0
configure:7293: result: yes
configure:7563: checking for msgfmt
configure:7591: result: /usr/bin/msgfmt
configure:7600: checking for dcgettext
configure:7600: gcc -o conftest -g -O2   conftest.c   >&5
conftest.c:42:6: warning: conflicting types for built-in function 'dcgettext'; expected 'char *(const char *, const char *, int)' [-Wbuiltin-declaration-mismatch]
   42 | char dcgettext ();
      |      ^~~~~~~~~
configure:7600: $? = 0
configure:7600: result: yes
configure:7608: checking if msgfmt accepts -c
configure:7623: $MSGFMT -c -o /dev/null conftest.foo
conftest.foo:3: warning: header field 'Language' missing in header
configure:7626: $? = 0
configure:7628: result: yes
configure:7638: checking for gmsgfmt
configure:7674: result: /usr/bin/msgfmt
configure:7684: checking for xgettext
configure:7712: result: /usr/bin/xgettext
configure:7731: gcc -o conftest -g -O2   conftest.c   >&5
configure:7731: $? = 0
configure:7814: checking for catalogs to be installed
configure:7839: result:  ar ca cs da de el es fi fr gr he hu id it ja mk ms nl_NL nb pa pl_PL pt_BR pt_PT ru sv tr xh zh_CN zh_HK zh_TW
configure:7881: checking if debug messages are enabled
configure:7888: result: no
configure:7972: checking for pkg-config
configure:7995: found /usr/bin/pkg-config
configure:8007: result: /usr/bin/pkg-config
configure:8032: checking pkg-config is at least version 0.9.0
configure:8035: result: yes
configure:8045: checking for gtk4
configure:8052: $PKG_CONFIG --exists --print-errors "$pkg_modules"
configure:8055: $? = 0
configure:8069: $PKG_CONFIG --exists --print-errors "$pkg_modules"
configure:8072: $? = 0
configure:8130: result: yes
configure:8241: checking that generated files are newer than configure
configure:8247: result: done
configure:8286: creating ./config.status

## ---------------- ##
## Cache variables. ##
## ---------------- ##

ac_cv_c_compiler_gnu=yes
ac_cv_env_CC_set=
ac_cv_env_CC_value=
ac_cv_env_CFLAGS_set=
ac_cv_env_CFLAGS_value=
ac_cv_env_CPPFLAGS_set=
ac_cv_env_CPPFLAGS_value=
ac_cv_env_LDFLAGS_set=
ac_cv_env_LDFLAGS_value=
ac_cv_env_LIBS_set=
ac_cv_env_LIBS_value=
ac_cv_env_PACKAGE_CFLAGS_set=
ac_cv_env_PACKAGE_CFLAGS_value=
ac_cv_env_PACKAGE_LIBS_set=
ac_cv_env_PACKAGE_LIBS_value=
ac_cv_env_PKG_CONFIG_LIBDIR_set=
ac_cv_env_PKG_CONFIG_LIBDIR_value=
ac_cv_env_PKG_CONFIG_PATH_set=
ac_cv_env_PKG_CONFIG_PATH_value=
ac_cv_env_PKG_CONFIG_set=
ac_cv_env_PKG_CONFIG_value=
ac_cv_env_build_alias_set=
ac_cv_env_build_alias_value=
ac_cv_env_host_alias_set=
ac_cv_env_host_alias_value=
ac_cv_env_target_alias_set=
ac_cv_env_target_alias_value=
ac_cv_func_bind_textdomain_codeset=yes
ac_cv_func_dcgettext=yes
ac_cv_header_inttypes_h=yes
ac_cv_header_libintl_h=yes
ac_cv_header_locale_h=yes
ac_cv_header_stdint_h=yes
ac_cv_header_stdio_h=yes
ac_cv_header_stdlib_h=yes
ac_cv_header_string_h=yes
ac_cv_header_strings_h=yes
ac_cv_header_sys_stat_h=yes
ac_cv_header_sys_types_h=yes
ac_cv_header_unistd_h=yes
ac_cv_objext=o
ac_cv_path_EGREP='/usr/bin/grep -E'
ac_cv_path_GMSGFMT=/usr/bin/msgfmt
ac_cv_path_GREP=/usr/bin/grep
ac_cv_path_INTLTOOL_EXTRACT=/usr/bin/intltool-extract
ac_cv_path_INTLTOOL_MERGE=/usr/bin/intltool-merge
ac_cv_path_INTLTOOL_PERL=/usr/bin/perl
ac_cv_path_INTLTOOL_UPDATE=/usr/bin/intltool-update
ac_cv_path_MSGFMT=/usr/bin/msgfmt
ac_cv_path_MSGMERGE=/usr/bin/msgmerge
ac_cv_path_XGETTEXT=/usr/bin/xgettext
ac_cv_path_ac_pt_PKG_CONFIG=/usr/bin/pkg-config
ac_cv_path_install='/usr/bin/install -c'
ac_cv_path_mkdir=/usr/bin/mkdir
ac_cv_prog_AWK=gawk
ac_cv_prog_ac_ct_CC=gcc
ac_cv_prog_cc_c11=
ac_cv_prog_cc_g=yes
ac_cv_prog_cc_stdc=
ac_cv_prog_make_make_set=yes
ac_cv_search_strerror='none required'
am_cv_CC_dependencies_compiler_type=gcc3
am_cv_make_support_nested_variables=yes
am_cv_prog_cc_c_o=yes
am_cv_prog_cc_stdc=
am_cv_val_LC_MESSAGES=yes
gt_cv_func_CFLocaleCopyCurrent=no
gt_cv_func_CFPreferencesCopyAppValue=no
gt_cv_func_dgettext_libc=yes
gt_cv_func_dgettext_libintl=no
gt_cv_func_ngettext_libc=yes
gt_cv_have_gettext=yes
pkg_cv_PACKAGE_CFLAGS='-I/usr/include/gtk-4.0 -I/usr/include/pango-1.0 -I/usr/include/glib-2.0 -I/usr/lib/x86_64-linux-gnu/glib-2.0/include -I/usr/include/harfbuzz -I/usr/include/freetype2 -I/usr/include/libpng16 -I/usr/include/libmount -I/usr/include/blkid -I/usr/include/fribidi -I/usr/include/cairo -I/usr/include/pixman-1 -I/usr/include/gdk-pixbuf-2.0 -I/usr/include/x86_64-linux-gnu -I/usr/include/webp -I/usr/include/graphene-1.0 -I/usr/lib/x86_64-linux-gnu/graphene-1.0/include -mfpmath=sse -msse -msse2 -pthread '
pkg_cv_PACKAGE_LIBS='-lgtk-4 -lpangocairo-1.0 -lpango-1.0 -lharfbuzz -lgdk_pixbuf-2.0 -lcairo-gobject -lcairo -lvulkan -lgraphene-1.0 -lgio-2.0 -lgobject-2.0 -lglib-2.0 '

## ----------------- ##
## Output variables. ##
## ----------------- ##

ACLOCAL='${SHELL} '\''/home/erick/Projects/tsclient/missing'\'' aclocal-1.16'
ACLOCAL_AMFLAGS='${ACLOCAL_FLAGS}'
ALL_LINGUAS='ar ca cs da de el es fi fr gr he hu id it ja mk ms nl_NL nb pa pl_PL pt_BR pt_PT ru sv tr xh zh_CN zh_HK zh_TW'
AMDEPBACKSLASH='\'
AMDEP_FALSE='#'
AMDEP_TRUE=''
AMTAR='$${TAR-tar}'
AM_BACKSLASH='\'
AM_DEFAULT_V='$(AM_DEFAULT_VERBOSITY)'
AM_DEFAULT_VERBOSITY='1'
AM_V='$(V)'
AUTOCONF='${SHELL} '\''/home/erick/Projects/tsclient/missing'\'' autoconf'
AUTOHEADER='${SHELL} '\''/home/erick/Projects/tsclient/missing'\'' autoheader'
AUTOMAKE='${SHELL} '\''/home/erick/Projects/tsclient/missing'\'' automake-1.16'
AWK='gawk'
CATALOGS=' ar.gmo ca.gmo cs.gmo da.gmo de.gmo el.gmo es.gmo fi.gmo fr.gmo gr.gmo he.gmo hu.gmo id.gmo it.gmo ja.gmo mk.gmo ms.gmo nl_NL.gmo nb.gmo pa.gmo pl_PL.gmo pt_BR.gmo pt_PT.gmo ru.gmo sv.gmo tr.gmo xh.gmo zh_CN.gmo zh_HK.gmo zh_TW.gmo'
CATOBJEXT='.gmo'
CC='gcc'
CCDEPMODE='depmode=gcc3'
CFLAGS='-g -O2'
CPPFLAGS=''
CSCOPE='cscope'
CTAGS='ctags'
CYGPATH_W='echo'
DATADIRNAME='share'
DEFS='-DHAVE_CONFIG_H'
DEPDIR='.deps'
ECHO_C=''
ECHO_N='-n'
ECHO_T=''
EGREP='/usr/bin/grep -E'
ETAGS='etags'
EXEEXT=''
GETTEXT_PACKAGE='tsclient'
GMOFILES=' ar.gmo ca.gmo cs.gmo da.gmo de.gmo el.gmo es.gmo fi.gmo fr.gmo gr.gmo he.gmo hu.gmo id.gmo it.gmo ja.gmo mk.gmo ms.gmo nl_NL.gmo nb.gmo pa.gmo pl_PL.gmo pt_BR.gmo pt_PT.gmo ru.gmo sv.gmo tr.gmo xh.gmo zh_CN.gmo zh_HK.gmo zh_TW.gmo'
GMSGFMT='/usr/bin/msgfmt'
GREP='/usr/bin/grep'
INSTALL_DATA='${INSTALL} -m 644'
INSTALL_PROGRAM='${INSTALL}'
INSTALL_SCRIPT='${INSTALL}'
INSTALL_STRIP_PROGRAM='$(install_sh) -c -s'
INSTOBJEXT='.mo'
INTLLIBS=''
INTLTOOL_CAVES_RULE='%.caves:     %.caves.in     $(INTLTOOL_MERGE) $(wildcard $(top_srcdir)/po/*.po) ; $(INTLTOOL_V_MERGE)LC_ALL=C $(INTLTOOL_MERGE) $(INTLTOOL_V_MERGE_OPTIONS) -d -u -c $(top_builddir)/po/.intltool-merge-cache $(top_srcdir)/po $< $@'
INTLTOOL_DESKTOP_RULE='%.desktop:   %.desktop.in   $(INTLTOOL_MERGE) $(wildcard $(top_srcdir)/po/*.po) ; $(INTLTOOL_V_MERGE)LC_ALL=C $(INTLTOOL_MERGE) $(INTLTOOL_V_MERGE_OPTIONS) -d -u -c $(top_builddir)/po/.intltool-merge-cache $(top_srcdir)/po $< $@'
INTLTOOL_DIRECTORY_RULE='%.directory: %.directory.in $(INTLTOOL_MERGE) $(wildcard $(top_srcdir)/po/*.po) ; $(INTLTOOL_V_MERGE)LC_ALL=C $(INTLTOOL_MERGE) $(INTLTOOL_V_MERGE_OPTIONS) -d -u -c $(top_builddir)/po/.intltool-merge-cache $(top_srcdir)/po $< $@'
INTLTOOL_EXTRACT='/usr/bin/intltool-extract'
INTLTOOL_KBD_RULE='%.kbd:       %.kbd.in       $(INTLTOOL_MERGE) $(wildcard $(top_srcdir)/po/*.po) ; $(INTLTOOL_V_MERGE)LC_ALL=C $(INTLTOOL_MERGE) $(INTLTOOL_V_MERGE_OPTIONS) -x -u -m -c $(top_builddir)/po/.intltool-merge-cache $(top_srcdir)/po $< $@'
INTLTOOL_KEYS_RULE='%.keys:      %.keys.in      $(INTLTOOL_MERGE) $(wildcard $(top_srcdir)/po/*.po) ; $(INTLTOOL_V_MERGE)LC_ALL=C $(INTLTOOL_MERGE) $(INTLTOOL_V_MERGE_OPTIONS) -k -u -c $(top_builddir)/po/.intltool-merge-cache $(top_srcdir)/po $< $@'
INTLTOOL_MERGE='/usr/bin/intltool-merge'
INTLTOOL_OAF_RULE='%.oaf:       %.oaf.in       $(INTLTOOL_MERGE) $(wildcard $(top_srcdir)/po/*.po) ; $(INTLTOOL_V_MERGE)LC_ALL=C $(INTLTOOL_MERGE) $(INTLTOOL_V_MERGE_OPTIONS) -o -p $(top_srcdir)/po $< $@'
INTLTOOL_PERL='/usr/bin/perl'
INTLTOOL_POLICY_RULE='%.policy:    %.policy.in    $(INTLTOOL_MERGE) $(wildcard $(top_srcdir)/po/*.po) ; $(INTLTOOL_V_MERGE)LC_ALL=C $(INTLTOOL_MERGE) $(INTLTOOL_V_MERGE_OPTIONS) -x -u -c $(top_builddir)/po/.intltool-merge-cache $(top_srcdir)/po $< $@'
INTLTOOL_PONG_RULE='%.pong:      %.pong.in      $(INTLTOOL_MERGE) $(wildcard $(top_srcdir)/po/*.po) ; $(INTLTOOL_V_MERGE)LC_ALL=C $(INTLTOOL_MERGE) $(INTLTOOL_V_MERGE_OPTIONS) -x -u -c $(top_builddir)/po/.intltool-merge-cache $(top_srcdir)/po $< $@'
INTLTOOL_PROP_RULE='%.prop:      %.prop.in      $(INTLTOOL_MERGE) $(wildcard $(top_srcdir)/po/*.po) ; $(INTLTOOL_V_MERGE)LC_ALL=C $(INTLTOOL_MERGE) $(INTLTOOL_V_MERGE_OPTIONS) -d -u -c $(top_builddir)/po/.intltool-merge-cache $(top_srcdir)/po $< $@'
INTLTOOL_SCHEMAS_RULE='%.schemas:   %.schemas.in   $(INTLTOOL_MERGE) $(wildcard $(top_srcdir)/po/*.po) ; $(INTLTOOL_V_MERGE)LC_ALL=C $(INTLTOOL_MERGE) $(INTLTOOL_V_MERGE_OPTIONS) -s -u -c $(top_builddir)/po/.intltool-merge-cache $(top_srcdir)/po $< $@'
INTLTOOL_SERVER_RULE='%.server:    %.server.in    $(INTLTOOL_MERGE) $(wildcard $(top_srcdir)/po/*.po) ; $(INTLTOOL_V_MERGE)LC_ALL=C $(INTLTOOL_MERGE) $(INTLTOOL_V_MERGE_OPTIONS) -o -u -c $(top_builddir)/po/.intltool-merge-cache $(top_srcdir)/po $< $@'
INTLTOOL_SERVICE_RULE='%.service: %.service.in   $(INTLTOOL_MERGE) $(wildcard $(top_srcdir)/po/*.po) ; $(INTLTOOL_V_MERGE)LC_ALL=C $(INTLTOOL_MERGE) $(INTLTOOL_V_MERGE_OPTIONS) -d -u -c $(top_builddir)/po/.intltool-merge-cache $(top_srcdir)/po $< $@'
INTLTOOL_SHEET_RULE='%.sheet:     %.sheet.in     $(INTLTOOL_MERGE) $(wildcard $(top_srcdir)/po/*.po) ; $(INTLTOOL_V_MERGE)LC_ALL=C $(INTLTOOL_MERGE) $(INTLTOOL_V_MERGE_OPTIONS) -x -u -c $(top_builddir)/po/.intltool-merge-cache $(top_srcdir)/po $< $@'
INTLTOOL_SOUNDLIST_RULE='%.soundlist: %.soundlist.in $(INTLTOOL_MERGE) $(wildcard $(top_srcdir)/po/*.po) ; $(INTLTOOL_V_MERGE)LC_ALL=C $(INTLTOOL_MERGE) $(INTLTOOL_V_MERGE_OPTIONS) -d -u -c $(top_builddir)/po/.intltool-merge-cache $(top_srcdir)/po $< $@'
INTLTOOL_THEME_RULE='%.theme:     %.theme.in     $(INTLTOOL_MERGE) $(wildcard $(top_srcdir)/po/*.po) ; $(INTLTOOL_V_MERGE)LC_ALL=C $(INTLTOOL_MERGE) $(INTLTOOL_V_MERGE_OPTIONS) -d -u -c $(top_builddir)/po/.intltool-merge-cache $(top_srcdir)/po $< $@'
INTLTOOL_UI_RULE='%.ui:        %.ui.in        $(INTLTOOL_MERGE) $(wildcard $(top_srcdir)/po/*.po) ; $(INTLTOOL_V_MERGE)LC_ALL=C $(INTLTOOL_MERGE) $(INTLTOOL_V_MERGE_OPTIONS) -x -u -c $(top_builddir)/po/.intltool-merge-cache $(top_srcdir)/po $< $@'
INTLTOOL_UPDATE='/usr/bin/intltool-update'
INTLTOOL_V_MERGE='$(INTLTOOL__v_MERGE_$(V))'
INTLTOOL_V_MERGE_OPTIONS='$(intltool__v_merge_options_$(V))'
INTLTOOL_XAM_RULE='%.xam:       %.xml.in       $(INTLTOOL_MERGE) $(wildcard $(top_srcdir)/po/*.po) ; $(INTLTOOL_V_MERGE)LC_ALL=C $(INTLTOOL_MERGE) $(INTLTOOL_V_MERGE_OPTIONS) -x -u -c $(top_builddir)/po/.intltool-merge-cache $(top_srcdir)/po $< $@'
INTLTOOL_XML_NOMERGE_RULE='%.xml:       %.xml.in       $(INTLTOOL_MERGE) ; $(INTLTOOL_V_MERGE)LC_ALL=C $(INTLTOOL_MERGE) $(INTLTOOL_V_MERGE_OPTIONS) -x -u --no-translations $< $@'
INTLTOOL_XML_RULE='%.xml:       %.xml.in       $(INTLTOOL_MERGE) $(wildcard $(top_srcdir)/po/*.po) ; $(INTLTOOL_V_MERGE)LC_ALL=C $(INTLTOOL_MERGE) $(INTLTOOL_V_MERGE_OPTIONS) -x -u -c $(top_builddir)/po/.intltool-merge-cache $(top_srcdir)/po $< $@'
INTLTOOL__v_MERGE_0='@echo "  ITMRG " $@;'
INTLTOOL__v_MERGE_='$(INTLTOOL__v_MERGE_$(AM_DEFAULT_VERBOSITY))'
INTL_MACOSX_LIBS=''
LDFLAGS=''
LIBOBJS=''
LIBS=''
LTLIBOBJS=''
MAINT=''
MAINTAINER_MODE_FALSE='#'
MAINTAINER_MODE_TRUE=''
MAKEINFO='${SHELL} '\''/home/erick/Projects/tsclient/missing'\'' makeinfo'
MKDIR_P='/usr/bin/mkdir -p'
MKINSTALLDIRS='.//mkinstalldirs'
MSGFMT='/usr/bin/msgfmt'
MSGFMT_OPTS='-c'
MSGMERGE='/usr/bin/msgmerge'
OBJEXT='o'
PACKAGE='tsclient'
PACKAGE_BUGREPORT='http://www.gnomepro.com/tsclient'
PACKAGE_CFLAGS='-I/usr/include/gtk-4.0 -I/usr/include/pango-1.0 -I/usr/include/glib-2.0 -I/usr/lib/x86_64-linux-gnu/glib-2.0/include -I/usr/include/harfbuzz -I/usr/include/freetype2 -I/usr/include/libpng16 -I/usr/include/libmount -I/usr/include/blkid -I/usr/include/fribidi -I/usr/include/cairo -I/usr/include/pixman-1 -I/usr/include/gdk-pixbuf-2.0 -I/usr/include/x86_64-linux-gnu -I/usr/include/webp -I/usr/include/graphene-1.0 -I/usr/lib/x86_64-linux-gnu/graphene-1.0/include -mfpmath=sse -msse -msse2 -pthread '
PACKAGE_LIBS='-lgtk-4 -lpangocairo-1.0 -lpango-1.0 -lharfbuzz -lgdk_pixbuf-2.0 -lcairo-gobject -lcairo -lvulkan -lgraphene-1.0 -lgio-2.0 -lgobject-2.0 -lglib-2.0 '
PACKAGE_NAME='tsclient'
PACKAGE_STRING='tsclient 3.4.1'
PACKAGE_TARNAME='tsclient'
PACKAGE_URL=''
PACKAGE_VERSION='3.4.1'
PATH_SEPARATOR=':'
PKG_CONFIG='/usr/bin/pkg-config'
PKG_CONFIG_LIBDIR=''
PKG_CONFIG_PATH=''
POFILES=' ar.po ca.po cs.po da.po de.po el.po es.po fi.po fr.po gr.po he.po hu.po id.po it.po ja.po mk.po ms.po nl_NL.po nb.po pa.po pl_PL.po pt_BR.po pt_PT.po ru.po sv.po tr.po xh.po zh_CN.po zh_HK.po zh_TW.po'
POSUB='po'
PO_IN_DATADIR_FALSE=''
PO_IN_DATADIR_TRUE=''
SET_MAKE=''
SHELL='/bin/sh'
STRIP=''
USE_NLS='yes'
VERSION='3.4.1'
XGETTEXT='/usr/bin/xgettext'
ac_ct_CC='gcc'
am__EXEEXT_FALSE=''
am__EXEEXT_TRUE='#'
am__fastdepCC_FALSE='#'
am__fastdepCC_TRUE=''
am__include='include'
am__isrc=''
am__leading_dot='.'
am__nodep='_no'
am__quote=''
am__tar='$${TAR-tar} chof - "$$tardir"'
am__untar='$${TAR-tar} xf -'
bindir='${exec_prefix}/bin'
build_alias=''
datadir='${datarootdir}'
datarootdir='${prefix}/share'
docdir='${datarootdir}/doc/${PACKAGE_TARNAME}'
dvidir='${docdir}'
exec_prefix='${prefix}'
host_alias=''
htmldir='${docdir}'
includedir='${prefix}/include'
infodir='${datarootdir}/info'
install_sh='${SHELL} /home/erick/Projects/tsclient/install-sh'
intltool__v_merge_options_0='-q'
intltool__v_merge_options_='$(intltool__v_merge_options_$(AM_DEFAULT_VERBOSITY))'
libdir='${exec_prefix}/lib'
libexecdir='${exec_prefix}/libexec'
localedir='${datarootdir}/locale'
localstatedir='${prefix}/var'
mandir='${datarootdir}/man'
mkdir_p='$(MKDIR_P)'
oldincludedir='/usr/include'
pdfdir='${docdir}'
prefix='/usr/local'
program_transform_name='s,x,x,'
psdir='${docdir}'
runstatedir='${localstatedir}/run'
sbindir='${exec_prefix}/sbin'
sharedstatedir='${prefix}/com'
sysconfdir='${prefix}/etc'
target_alias=''

## ----------- ##
## confdefs.h. ##
## ----------- ##

/* confdefs.h */
#define PACKAGE_NAME "tsclient"
#define PACKAGE_TARNAME "tsclient"
#define PACKAGE_VERSION "3.4.1"
#define PACKAGE_STRING "tsclient 3.4.1"
#define PACKAGE_BUGREPORT "http://www.gnomepro.com/tsclient"
#define PACKAGE_URL ""
#define PACKAGE "tsclient"
#define VERSION "3.4.1"
#define HAVE_STDIO_H 1
#define HAVE_STDLIB_H 1
#define HAVE_STRING_H 1
#define HAVE_INTTYPES_H 1
#define HAVE_STDINT_H 1
#define HAVE_STRINGS_H 1
#define HAVE_SYS_STAT_H 1
#define HAVE_SYS_TYPES_H 1
#define HAVE_UNISTD_H 1
#define STDC_HEADERS 1
#define GETTEXT_PACKAGE "tsclient"
#define HAVE_LOCALE_H 1
#define HAVE_LC_MESSAGES 1
#define HAVE_BIND_TEXTDOMAIN_CODESET 1
#define HAVE_GETTEXT 1
#define HAVE_DCGETTEXT 1
#define ENABLE_NLS 1

configure: exit 0

## ---------------------- ##
## Running config.status. ##
## ---------------------- ##

This file was extended by tsclient config.status 3.4.1, which was
generated by GNU Autoconf 2.71.  Invocation command line was

  CONFIG_FILES    = 
  CONFIG_HEADERS  = 
  CONFIG_LINKS    = 
  CONFIG_COMMANDS = 
  $ ./config.status 

on kermit

config.status:943: creating Makefile
config.status:943: creating src/Makefile
config.status:943: creating po/Makefile.in
config.status:943: creating config.h
config.status:1172: executing depfiles commands
config.status:1249: cd src       && sed -e '/# am--include-marker/d' Makefile         | make -f - am--depfiles
make[1]: Entering directory '/home/erick/Projects/tsclient/src'
make[1]: Nothing to be done for 'am--depfiles'.
make[1]: Leaving directory '/home/erick/Projects/tsclient/src'
config.status:1254: $? = 0
config.status:1172: executing default-1 commands
config.status:1172: executing po/stamp-it commands
